<?xml version="1.0" encoding="UTF-8"?>
<testng-results ignored="0" total="1" passed="1" failed="0" skipped="0">
  <reporter-output>
  </reporter-output>
  <suite started-at="2022-03-29T23:36:51Z" name="Default suite" finished-at="2022-03-29T23:37:38Z" duration-ms="47355">
    <groups>
    </groups>
    <test started-at="2022-03-29T23:36:51Z" name="Default test" finished-at="2022-03-29T23:37:38Z" duration-ms="47355">
      <class name="test.TestSel">
        <test-method signature="Selenium_Test01()[pri:0, instance:test.TestSel@3561c410]" started-at="2022-03-29T17:36:51Z" name="Selenium_Test01" finished-at="2022-03-29T17:37:38Z" duration-ms="47272" status="PASS">
          <reporter-output>
          </reporter-output>
        </test-method> <!-- Selenium_Test01 -->
      </class> <!-- test.TestSel -->
    </test> <!-- Default test -->
  </suite> <!-- Default suite -->
</testng-results>
